2025-04-29 08:02:42,848 - INFO - === INÍCIO DO MONITORAMENTO SODIMAC ===
2025-04-29 08:02:42,850 - INFO - Iniciando coleta de preços...
2025-04-29 08:02:44,747 - WARNING - Nenhum produto encontrado com o seletor principal. Tentando alternativa...
2025-04-29 08:02:44,823 - INFO - Encontrados 0 cards de produto
2025-04-29 08:02:44,825 - INFO - Próxima verificação em 60.0 minutos
2025-04-29 09:02:42,897 - INFO - Iniciando coleta de preços...
2025-04-29 09:02:43,751 - WARNING - Nenhum produto encontrado com o seletor principal. Tentando alternativa...
2025-04-29 09:02:43,847 - INFO - Encontrados 0 cards de produto
2025-04-29 09:02:43,865 - INFO - Próxima verificação em 60.0 minutos
2025-04-29 10:02:42,930 - INFO - Iniciando coleta de preços...
2025-04-29 10:02:45,901 - WARNING - Nenhum produto encontrado com o seletor principal. Tentando alternativa...
2025-04-29 10:02:46,107 - INFO - Encontrados 0 cards de produto
2025-04-29 10:02:46,109 - INFO - Próxima verificação em 59.9 minutos
2025-04-29 11:02:42,958 - INFO - Iniciando coleta de preços...
2025-04-29 11:02:46,466 - WARNING - Nenhum produto encontrado com o seletor principal. Tentando alternativa...
2025-04-29 11:02:46,804 - INFO - Encontrados 0 cards de produto
2025-04-29 11:02:46,807 - INFO - Próxima verificação em 59.9 minutos
2025-04-29 12:33:16,838 - INFO - Iniciando coleta de preços...
2025-04-29 12:33:19,844 - WARNING - Nenhum produto encontrado com o seletor principal. Tentando alternativa...
2025-04-29 12:33:19,887 - INFO - Encontrados 0 cards de produto
2025-04-29 12:33:19,888 - INFO - Próxima verificação em 59.9 minutos
2025-04-29 15:40:42,674 - INFO - Iniciando coleta de preços...
2025-04-29 15:40:44,076 - WARNING - Nenhum produto encontrado com o seletor principal. Tentando alternativa...
2025-04-29 15:40:44,145 - INFO - Encontrados 0 cards de produto
2025-04-29 15:40:44,147 - INFO - Próxima verificação em 60.0 minutos
2025-04-29 16:40:42,675 - INFO - Iniciando coleta de preços...
2025-04-29 16:40:44,432 - WARNING - Nenhum produto encontrado com o seletor principal. Tentando alternativa...
2025-04-29 16:40:44,550 - INFO - Encontrados 0 cards de produto
2025-04-29 16:40:44,551 - INFO - Próxima verificação em 60.0 minutos
2025-04-29 19:30:41,764 - INFO - Iniciando coleta de preços...
2025-04-29 19:30:43,822 - WARNING - Nenhum produto encontrado com o seletor principal. Tentando alternativa...
2025-04-29 19:30:43,871 - INFO - Encontrados 0 cards de produto
2025-04-29 19:30:43,873 - INFO - Próxima verificação em 60.0 minutos
2025-04-29 20:30:41,752 - INFO - Iniciando coleta de preços...
2025-04-29 20:30:43,843 - WARNING - Nenhum produto encontrado com o seletor principal. Tentando alternativa...
2025-04-29 20:30:43,893 - INFO - Encontrados 0 cards de produto
2025-04-29 20:30:43,894 - INFO - Próxima verificação em 60.0 minutos
2025-04-29 21:30:41,754 - INFO - Iniciando coleta de preços...
2025-04-29 21:30:43,992 - WARNING - Nenhum produto encontrado com o seletor principal. Tentando alternativa...
2025-04-29 21:30:44,078 - INFO - Encontrados 0 cards de produto
2025-04-29 21:30:44,080 - INFO - Próxima verificação em 60.0 minutos
2025-04-29 23:12:49,552 - INFO - Iniciando coleta de preços...
2025-04-29 23:12:51,727 - WARNING - Nenhum produto encontrado com o seletor principal. Tentando alternativa...
2025-04-29 23:12:51,859 - INFO - Encontrados 0 cards de produto
2025-04-29 23:12:51,862 - INFO - Próxima verificação em 60.0 minutos
